<?xml version="1.0" encoding="UTF-8" ?>
<testsuite 
errors="0" failures="0" hostname="AGECHOICERHYTHM.workdayinternal.com" name="test.it.just.another.scala.FizzBuzzScalaTest" tests="1" time="0.033" timestamp="2020-04-30T22:57:15">
  <properties>
    <property name="java.runtime.name" value="OpenJDK Runtime Environment">
    </property>
    <property 
    name="sun.boot.library.path" value="/Library/Java/JavaVirtualMachines/zulu-8.jdk/Contents/Home/jre/lib">
</property>
    <property name="java.vm.version" value="25.131-b11"> </property>
    <property name="gopherProxySet" value="false"> </property>
    <property name="java.vm.vendor" value="Azul Systems, Inc."> </property>
    <property name="java.vendor.url" value="http://www.azulsystems.com/">
    </property>
    <property name="path.separator" value=":"> </property>
    <property name="java.vm.name" value="OpenJDK 64-Bit Server VM"> </property>
    <property name="file.encoding.pkg" value="sun.io"> </property>
    <property name="user.country" value="IE"> </property>
    <property name="sun.java.launcher" value="SUN_STANDARD"> </property>
    <property name="sun.os.patch.level" value="unknown"> </property>
    <property 
    name="java.vm.specification.name" value="Java Virtual Machine Specification">
</property>
    <property 
    name="user.dir" value="/Users/marco.bartolini/SANDBOX/just-another-repo">
</property>
    <property name="java.runtime.version" value="1.8.0_131-b11"> </property>
    <property name="java.awt.graphicsenv" value="sun.awt.CGraphicsEnvironment">
    </property>
    <property 
    name="java.endorsed.dirs" value="/Library/Java/JavaVirtualMachines/zulu-8.jdk/Contents/Home/jre/lib/endorsed">
</property>
    <property name="os.arch" value="x86_64"> </property>
    <property 
    name="java.io.tmpdir" value="/var/folders/5q/dh3ggtv94c5g0kz3z21gxzgc0000gp/T/">
</property>
    <property name="line.separator" value=" "> </property>
    <property name="java.vm.specification.vendor" value="Oracle Corporation">
    </property>
    <property name="user.variant" value=""> </property>
    <property name="os.name" value="Mac OS X"> </property>
    <property name="sun.jnu.encoding" value="UTF-8"> </property>
    <property 
    name="java.library.path" value="/Users/marco.bartolini/Library/Java/Extensions:/Library/Java/Extensions:/Network/Library/Java/Extensions:/System/Library/Java/Extensions:/usr/lib/java:.">
</property>
    <property 
    name="java.specification.name" value="Java Platform API Specification">
</property>
    <property name="java.class.version" value="52.0"> </property>
    <property 
    name="sun.management.compiler" value="HotSpot 64-Bit Tiered Compilers">
</property>
    <property name="os.version" value="10.14.6"> </property>
    <property name="user.home" value="/Users/marco.bartolini"> </property>
    <property name="user.timezone" value=""> </property>
    <property name="java.awt.printerjob" value="sun.lwawt.macosx.CPrinterJob">
    </property>
    <property name="file.encoding" value="UTF-8"> </property>
    <property name="java.specification.version" value="1.8"> </property>
    <property name="user.name" value="marco.bartolini"> </property>
    <property 
    name="java.class.path" value="/Users/marco.bartolini/SANDBOX/just-another-repo/build/classes/java/test:/Users/marco.bartolini/SANDBOX/just-another-repo/build/classes/scala/test:/Users/marco.bartolini/SANDBOX/just-another-repo/build/resources/test:/Users/marco.bartolini/SANDBOX/just-another-repo/build/classes/java/main:/Users/marco.bartolini/SANDBOX/just-another-repo/build/classes/scala/main:/Users/marco.bartolini/SANDBOX/just-another-repo/build/resources/main:/Users/marco.bartolini/.gradle/caches/modules-2/files-2.1/org.scalatest/scalatest_2.11/3.0.0/5cd41e3452a015179356ab30de4440ae7dc999f8/scalatest_2.11-3.0.0.jar:/Users/marco.bartolini/.gradle/caches/modules-2/files-2.1/org.scalactic/scalactic_2.11/3.0.0/2cd29a726b0672cd5b7d10a21a95a2848d0f81d6/scalactic_2.11-3.0.0.jar:/Users/marco.bartolini/.gradle/caches/modules-2/files-2.1/org.scala-lang/scala-reflect/2.11.8/b74530deeba742ab4f3134de0c2da0edc49ca361/scala-reflect-2.11.8.jar:/Users/marco.bartolini/.gradle/caches/modules-2/files-2.1/org.scala-lang.modules/scala-xml_2.11/1.0.5/77ac9be4033768cf03cc04fbd1fc5e5711de2459/scala-xml_2.11-1.0.5.jar:/Users/marco.bartolini/.gradle/caches/modules-2/files-2.1/org.scala-lang.modules/scala-parser-combinators_2.11/1.0.4/7369d653bcfa95d321994660477a4d7e81d7f490/scala-parser-combinators_2.11-1.0.4.jar:/Users/marco.bartolini/.gradle/caches/modules-2/files-2.1/org.scala-lang/scala-library/2.11.12/bf5534e6fec3d665bd6419c952a929a8bdd4b591/scala-library-2.11.12.jar:/Users/marco.bartolini/.gradle/caches/modules-2/files-2.1/junit/junit/4.12/2973d150c0dc1fefe998f834810d68f278ea58ec/junit-4.12.jar:/Users/marco.bartolini/.gradle/caches/modules-2/files-2.1/org.pegdown/pegdown/1.4.2/d96db502ed832df867ff5d918f05b51ba3879ea7/pegdown-1.4.2.jar:/Users/marco.bartolini/.gradle/caches/modules-2/files-2.1/org.hamcrest/hamcrest-core/1.3/42a25dc3219429f0e5d060061f71acb49bf010a0/hamcrest-core-1.3.jar:/Users/marco.bartolini/.gradle/caches/modules-2/files-2.1/org.parboiled/parboiled-java/1.1.6/cb2ffa720f75b2fce8cfd1875599319e75ea9557/parboiled-java-1.1.6.jar:/Users/marco.bartolini/.gradle/caches/modules-2/files-2.1/org.parboiled/parboiled-core/1.1.6/11bd0c34fc6ac3c3cbf440ab8180cc6422c044e9/parboiled-core-1.1.6.jar:/Users/marco.bartolini/.gradle/caches/modules-2/files-2.1/org.ow2.asm/asm-analysis/4.1/73401033069e4714f57b60aeae02f97210aaa64e/asm-analysis-4.1.jar:/Users/marco.bartolini/.gradle/caches/modules-2/files-2.1/org.ow2.asm/asm-util/4.1/6344065cb0f94e2b930a95e6656e040ebc11df08/asm-util-4.1.jar:/Users/marco.bartolini/.gradle/caches/modules-2/files-2.1/org.ow2.asm/asm-tree/4.1/51085abcc4cb6c6e1cb5551e6f999eb8e31c5b2d/asm-tree-4.1.jar:/Users/marco.bartolini/.gradle/caches/modules-2/files-2.1/org.ow2.asm/asm/4.1/ad568238ee36a820bd6c6806807e8a14ea34684d/asm-4.1.jar">
</property>
    <property name="java.vm.specification.version" value="1.8"> </property>
    <property name="sun.arch.data.model" value="64"> </property>
    <property 
    name="java.home" value="/Library/Java/JavaVirtualMachines/zulu-8.jdk/Contents/Home/jre">
</property>
    <property 
    name="sun.java.command" value="org.scalatest.tools.Runner -oDS -PS12 -R /Users/marco.bartolini/SANDBOX/just-another-repo/build/classes/java/test -R /Users/marco.bartolini/SANDBOX/just-another-repo/build/classes/scala/test -u /Users/marco.bartolini/SANDBOX/just-another-repo/build/test-results/test -h /Users/marco.bartolini/SANDBOX/just-another-repo/build/reports/tests/test">
</property>
    <property name="java.specification.vendor" value="Oracle Corporation">
    </property>
    <property name="user.language" value="en"> </property>
    <property name="awt.toolkit" value="sun.lwawt.macosx.LWCToolkit">
    </property>
    <property name="java.vm.info" value="mixed mode"> </property>
    <property name="java.version" value="1.8.0_131"> </property>
    <property 
    name="java.ext.dirs" value="/Users/marco.bartolini/Library/Java/Extensions:/Library/Java/JavaVirtualMachines/zulu-8.jdk/Contents/Home/jre/lib/ext:/Library/Java/Extensions:/Network/Library/Java/Extensions:/System/Library/Java/Extensions:/usr/lib/java">
</property>
    <property 
    name="sun.boot.class.path" value="/Library/Java/JavaVirtualMachines/zulu-8.jdk/Contents/Home/jre/lib/resources.jar:/Library/Java/JavaVirtualMachines/zulu-8.jdk/Contents/Home/jre/lib/rt.jar:/Library/Java/JavaVirtualMachines/zulu-8.jdk/Contents/Home/jre/lib/sunrsasign.jar:/Library/Java/JavaVirtualMachines/zulu-8.jdk/Contents/Home/jre/lib/jsse.jar:/Library/Java/JavaVirtualMachines/zulu-8.jdk/Contents/Home/jre/lib/jce.jar:/Library/Java/JavaVirtualMachines/zulu-8.jdk/Contents/Home/jre/lib/charsets.jar:/Library/Java/JavaVirtualMachines/zulu-8.jdk/Contents/Home/jre/lib/jfr.jar:/Library/Java/JavaVirtualMachines/zulu-8.jdk/Contents/Home/jre/classes">
</property>
    <property name="java.vendor" value="Azul Systems, Inc."> </property>
    <property name="file.separator" value="/"> </property>
    <property 
    name="java.vendor.url.bug" value="http://www.azulsystems.com/support/">
</property>
    <property name="sun.cpu.endian" value="little"> </property>
    <property name="sun.io.unicode.encoding" value="UnicodeBig"> </property>
    <property name="sun.cpu.isalist" value=""> </property>
  </properties>
  <testcase 
  name="FizzBuzz should play the game correctly" classname="test.it.just.another.scala.FizzBuzzScalaTest" time="0.016">
</testcase>
  <system-out><![CDATA[]]></system-out>
  <system-err><![CDATA[]]></system-err>
</testsuite>
